c:\users\jacob\documents\visual studio 2022\deepbird\x64\debug\gameengine.pdb
c:\users\jacob\documents\visual studio 2022\deepbird\x64\debug\gameengine.idb
c:\users\jacob\documents\visual studio 2022\deepbird\gameengine\x64\debug\window.obj
c:\users\jacob\documents\visual studio 2022\deepbird\gameengine\x64\debug\timing.obj
c:\users\jacob\documents\visual studio 2022\deepbird\gameengine\x64\debug\texturecache.obj
c:\users\jacob\documents\visual studio 2022\deepbird\gameengine\x64\debug\textmanager.obj
c:\users\jacob\documents\visual studio 2022\deepbird\gameengine\x64\debug\textbox.obj
c:\users\jacob\documents\visual studio 2022\deepbird\gameengine\x64\debug\spritesheet.obj
c:\users\jacob\documents\visual studio 2022\deepbird\gameengine\x64\debug\spritebatch.obj
c:\users\jacob\documents\visual studio 2022\deepbird\gameengine\x64\debug\resourcemanager.obj
c:\users\jacob\documents\visual studio 2022\deepbird\gameengine\x64\debug\picopng.obj
c:\users\jacob\documents\visual studio 2022\deepbird\gameengine\x64\debug\iomanager.obj
c:\users\jacob\documents\visual studio 2022\deepbird\gameengine\x64\debug\inputmanager.obj
c:\users\jacob\documents\visual studio 2022\deepbird\gameengine\x64\debug\imageloader.obj
c:\users\jacob\documents\visual studio 2022\deepbird\gameengine\x64\debug\glslprogram.obj
c:\users\jacob\documents\visual studio 2022\deepbird\gameengine\x64\debug\gameengine.obj
c:\users\jacob\documents\visual studio 2022\deepbird\gameengine\x64\debug\camera2d.obj
c:\users\jacob\documents\visual studio 2022\deepbird\x64\debug\gameengine.lib
c:\users\jacob\documents\visual studio 2022\deepbird\gameengine\x64\debug\errors.obj
c:\users\jacob\documents\visual studio 2022\deepbird\gameengine\x64\debug\sprite.obj
c:\users\jacob\documents\visual studio 2022\deepbird\gameengine\x64\debug\gameengine.tlog\cl.command.1.tlog
c:\users\jacob\documents\visual studio 2022\deepbird\gameengine\x64\debug\gameengine.tlog\cl.items.tlog
c:\users\jacob\documents\visual studio 2022\deepbird\gameengine\x64\debug\gameengine.tlog\cl.read.1.tlog
c:\users\jacob\documents\visual studio 2022\deepbird\gameengine\x64\debug\gameengine.tlog\cl.write.1.tlog
c:\users\jacob\documents\visual studio 2022\deepbird\gameengine\x64\debug\gameengine.tlog\lib-link.read.1.tlog
c:\users\jacob\documents\visual studio 2022\deepbird\gameengine\x64\debug\gameengine.tlog\lib-link.write.1.tlog
c:\users\jacob\documents\visual studio 2022\deepbird\gameengine\x64\debug\gameengine.tlog\lib.command.1.tlog
