c:\users\jacob\documents\visual studio 2022\deepbird\flappybird\x64\debug\vc143.pdb
c:\users\jacob\documents\visual studio 2022\deepbird\flappybird\x64\debug\vc143.idb
c:\users\jacob\documents\visual studio 2022\deepbird\flappybird\x64\debug\pipe.obj
c:\users\jacob\documents\visual studio 2022\deepbird\flappybird\x64\debug\gamestatemanager.obj
c:\users\jacob\documents\visual studio 2022\deepbird\flappybird\x64\debug\main.obj
c:\users\jacob\documents\visual studio 2022\deepbird\flappybird\x64\debug\flappybird.obj
c:\users\jacob\documents\visual studio 2022\deepbird\flappybird\x64\debug\bird.obj
c:\users\jacob\documents\visual studio 2022\deepbird\x64\debug\flappybird.exe
c:\users\jacob\documents\visual studio 2022\deepbird\flappybird\x64\debug\flappybird.ilk
c:\users\jacob\documents\visual studio 2022\deepbird\x64\debug\flappybird.pdb
c:\users\jacob\documents\visual studio 2022\deepbird\flappybird\x64\debug\errors.obj
c:\users\jacob\documents\visual studio 2022\deepbird\flappybird\x64\debug\glslprogram.obj
c:\users\jacob\documents\visual studio 2022\deepbird\flappybird\x64\debug\imageloader.obj
c:\users\jacob\documents\visual studio 2022\deepbird\flappybird\x64\debug\iomanager.obj
c:\users\jacob\documents\visual studio 2022\deepbird\flappybird\x64\debug\picopng.obj
c:\users\jacob\documents\visual studio 2022\deepbird\flappybird\x64\debug\resourcemanager.obj
c:\users\jacob\documents\visual studio 2022\deepbird\flappybird\x64\debug\sprite.obj
c:\users\jacob\documents\visual studio 2022\deepbird\flappybird\x64\debug\textmanager.obj
c:\users\jacob\documents\visual studio 2022\deepbird\flappybird\x64\debug\texturecache.obj
c:\users\jacob\documents\visual studio 2022\deepbird\flappybird\x64\debug\flappybird.tlog\cl.command.1.tlog
c:\users\jacob\documents\visual studio 2022\deepbird\flappybird\x64\debug\flappybird.tlog\cl.items.tlog
c:\users\jacob\documents\visual studio 2022\deepbird\flappybird\x64\debug\flappybird.tlog\cl.read.1.tlog
c:\users\jacob\documents\visual studio 2022\deepbird\flappybird\x64\debug\flappybird.tlog\cl.write.1.tlog
c:\users\jacob\documents\visual studio 2022\deepbird\flappybird\x64\debug\flappybird.tlog\link.command.1.tlog
c:\users\jacob\documents\visual studio 2022\deepbird\flappybird\x64\debug\flappybird.tlog\link.read.1.tlog
c:\users\jacob\documents\visual studio 2022\deepbird\flappybird\x64\debug\flappybird.tlog\link.write.1.tlog
